\BOOKMARK [1][-]{Doc-Start}{\376\377\145\207\150\143\123\330\146\364\123\206\123\362\213\260\137\125}{}% 1
\BOOKMARK [1][-]{table.1}{\376\377\145\207\150\143\176\246\133\232}{}% 2
\BOOKMARK [1][-]{section.1}{\376\377\137\025\212\000}{}% 3
\BOOKMARK [2][-]{subsection.1.1}{\376\377\177\026\121\231\166\356\166\204}{section.1}% 4
\BOOKMARK [2][-]{subsection.1.2}{\376\377\230\171\166\356\200\314\146\157}{section.1}% 5
\BOOKMARK [2][-]{subsection.1.3}{\376\377\230\171\166\356\166\370\121\163\145\271}{section.1}% 6
\BOOKMARK [2][-]{subsection.1.4}{\376\377\116\016\121\166\116\326\174\373\176\337\166\204\121\163\174\373}{section.1}% 7
\BOOKMARK [2][-]{subsection.1.5}{\376\377\147\057\213\355\116\016\177\051\121\231}{section.1}% 8
\BOOKMARK [2][-]{subsection.1.6}{\376\377\123\302\200\003\215\104\145\231}{section.1}% 9
\BOOKMARK [1][-]{section.2}{\376\377\230\171\166\356\151\202\217\360}{}% 10
\BOOKMARK [2][-]{subsection.2.1}{\376\377\116\247\124\301\133\232\117\115}{section.2}% 11
\BOOKMARK [2][-]{subsection.2.2}{\376\377\203\003\126\364\116\016\217\271\165\114}{section.2}% 12
\BOOKMARK [3][-]{subsubsection.2.2.1}{\376\377\000I\000n\000-\000S\000c\000o\000p\000e}{subsection.2.2}% 13
\BOOKMARK [3][-]{subsubsection.2.2.2}{\376\377\000O\000u\000t\000-\000o\000f\000-\000S\000c\000o\000p\000e}{subsection.2.2}% 14
\BOOKMARK [2][-]{subsection.2.3}{\376\377\150\070\137\303\122\237\200\375\151\202\211\310}{section.2}% 15
\BOOKMARK [2][-]{subsection.2.4}{\376\377\230\171\166\356\123\357\116\244\116\330\162\151}{section.2}% 16
\BOOKMARK [3][-]{subsubsection.2.4.1}{\376\377\172\013\136\217}{subsection.2.4}% 17
\BOOKMARK [3][-]{subsubsection.2.4.2}{\376\377\145\207\150\143}{subsection.2.4}% 18
\BOOKMARK [3][-]{subsubsection.2.4.3}{\376\377\147\015\122\241\116\016\157\024\171\072\147\120\145\231}{subsection.2.4}% 19
\BOOKMARK [1][-]{section.3}{\376\377\227\000\154\102\122\006\147\220}{}% 20
\BOOKMARK [2][-]{subsection.3.1}{\376\377\165\050\142\067\211\322\202\162\116\016\165\073\120\317}{section.3}% 21
\BOOKMARK [2][-]{subsection.3.2}{\376\377\165\050\142\067\165\050\117\213\126\376}{section.3}% 22
\BOOKMARK [2][-]{subsection.3.3}{\376\377\121\170\127\213\165\050\117\213}{section.3}% 23
\BOOKMARK [3][-]{subsubsection.3.3.1}{\376\377\000U\000C\000-\0000\0001\000\040\000B\000\040\172\357\147\204\136\372\147\054\127\060\167\345\213\306\136\223}{subsection.3.3}% 24
\BOOKMARK [3][-]{subsubsection.3.3.2}{\376\377\000U\000C\000-\0000\0002\000\040\000B\000\040\172\357\123\321\136\003\000\040\000L\000L\000M\000-\000W\000i\000k\000i\000\040\000A\000P\000I}{subsection.3.3}% 25
\BOOKMARK [3][-]{subsubsection.3.3.3}{\376\377\000U\000C\000-\0000\0003\000\040\000C\000\040\172\357\155\373\122\240\217\334\172\013\167\345\213\306\136\223}{subsection.3.3}% 26
\BOOKMARK [3][-]{subsubsection.3.3.4}{\376\377\000U\000C\000-\0000\0004\000\040\000C\000\040\172\357\147\054\127\060\000\040\000O\000p\000e\000n\000C\000o\000d\000e\000\040\000+\000\040\000M\000C\000P\000\040\133\371\213\335}{subsection.3.3}% 27
\BOOKMARK [2][-]{subsection.3.4}{\376\377\122\237\200\375\140\047\227\000\154\102}{section.3}% 28
\BOOKMARK [2][-]{subsection.3.5}{\376\377\227\000\154\102\217\375\216\052\121\163\174\373}{section.3}% 29
\BOOKMARK [2][-]{subsection.3.6}{\376\377\227\136\122\237\200\375\140\047\227\000\154\102}{section.3}% 30
\BOOKMARK [3][-]{subsubsection.3.6.1}{\376\377\133\211\121\150\116\016\226\220\171\301}{subsection.3.6}% 31
\BOOKMARK [3][-]{subsubsection.3.6.2}{\376\377\123\357\227\140\140\047}{subsection.3.6}% 32
\BOOKMARK [3][-]{subsubsection.3.6.3}{\376\377\123\357\176\364\142\244\140\047}{subsection.3.6}% 33
\BOOKMARK [3][-]{subsubsection.3.6.4}{\376\377\123\357\165\050\140\047}{subsection.3.6}% 34
\BOOKMARK [1][-]{section.4}{\376\377\174\373\176\337\213\276\213\241}{}% 35
\BOOKMARK [2][-]{subsection.4.1}{\376\377\147\266\147\204\157\024\217\333}{section.4}% 36
\BOOKMARK [2][-]{subsection.4.2}{\376\377\137\123\122\115\140\073\117\123\142\200\147\057\215\357\176\277}{section.4}% 37
\BOOKMARK [2][-]{subsection.4.3}{\376\377\121\163\225\056\213\276\213\241\121\263\173\126}{section.4}% 38
\BOOKMARK [2][-]{subsection.4.4}{\376\377\133\211\121\150\217\271\165\114\213\276\213\241}{section.4}% 39
\BOOKMARK [2][-]{subsection.4.5}{\376\377\220\350\177\162\213\241\122\022}{section.4}% 40
\BOOKMARK [1][-]{section.5}{\376\377\123\357\210\114\140\047\122\006\147\220}{}% 41
\BOOKMARK [2][-]{subsection.5.1}{\376\377\142\200\147\057\123\357\210\114\140\047}{section.5}% 42
\BOOKMARK [2][-]{subsection.5.2}{\376\377\176\317\155\116\123\357\210\114\140\047}{section.5}% 43
\BOOKMARK [2][-]{subsection.5.3}{\376\377\154\325\137\213\116\016\124\010\211\304\123\357\210\114\140\047}{section.5}% 44
\BOOKMARK [2][-]{subsection.5.4}{\376\377\171\076\117\032\116\016\217\320\210\114\123\357\210\114\140\047}{section.5}% 45
\BOOKMARK [2][-]{subsection.5.5}{\376\377\144\315\117\134\123\357\210\114\140\047}{section.5}% 46
\BOOKMARK [1][-]{section.6}{\376\377\131\007\220\011\145\271\150\110\153\324\217\203}{}% 47
\BOOKMARK [2][-]{subsection.6.1}{\376\377\131\007\220\011\145\271\150\110\000\040\0001\377\032\000B\000\040\172\357\123\321\136\003\133\214\145\164\000\040\000O\000p\000e\000n\000C\000o\000d\000e}{section.6}% 48
\BOOKMARK [2][-]{subsection.6.2}{\376\377\131\007\220\011\145\271\150\110\000\040\0002\377\032\000B\000\040\172\357\123\352\123\321\136\003\227\131\140\001\000\040\000W\000i\000k\000i\000\040\230\165\227\142}{section.6}% 49
\BOOKMARK [2][-]{subsection.6.3}{\376\377\131\007\220\011\145\271\150\110\000\040\0003\377\032\000B\000\040\172\357\123\321\136\003\000\040\000L\000L\000M\000-\000W\000i\000k\000i\000\040\000A\000P\000I\377\014\000C\000\040\172\357\147\054\127\060\000\040\000O\000p\000e\000n\000C\000o\000d\000e\000\040\000+\000\040\000M\000C\000P}{section.6}% 50
\BOOKMARK [2][-]{subsection.6.4}{\376\377\145\271\150\110\133\371\153\324\140\073\176\323}{section.6}% 51
\BOOKMARK [1][-]{section.7}{\376\377\142\225\121\145\116\016\145\110\166\312\122\006\147\220}{}% 52
\BOOKMARK [2][-]{subsection.7.1}{\376\377\230\171\166\356\142\225\121\145}{section.7}% 53
\BOOKMARK [2][-]{subsection.7.2}{\376\377\230\171\166\356\145\066\166\312}{section.7}% 54
\BOOKMARK [2][-]{subsection.7.3}{\376\377\230\316\226\151\116\016\145\117\141\037\140\047}{section.7}% 55
\BOOKMARK [1][-]{section.8}{\376\377\230\171\166\356\137\000\123\321\213\241\122\022}{}% 56
\BOOKMARK [2][-]{subsection.8.1}{\376\377\135\345\117\134\121\205\133\271\176\374\217\360}{section.8}% 57
\BOOKMARK [2][-]{subsection.8.2}{\376\377\135\345\117\134\122\006\211\343\176\323\147\204}{section.8}% 58
\BOOKMARK [2][-]{subsection.8.3}{\376\377\116\272\124\130\176\304\176\307\116\016\122\006\135\345}{section.8}% 59
\BOOKMARK [2][-]{subsection.8.4}{\376\377\123\117\117\134\147\072\122\066}{section.8}% 60
\BOOKMARK [2][-]{subsection.8.5}{\376\377\217\333\136\246\133\211\143\222}{section.8}% 61
\BOOKMARK [2][-]{subsection.8.6}{\376\377\232\214\145\066\150\007\121\306}{section.8}% 62
\BOOKMARK [3][-]{subsubsection.8.6.1}{\376\377\122\237\200\375\133\214\145\164\136\246}{subsection.8.6}% 63
\BOOKMARK [3][-]{subsubsection.8.6.2}{\376\377\133\211\121\150\217\271\165\114}{subsection.8.6}% 64
\BOOKMARK [3][-]{subsubsection.8.6.3}{\376\377\155\113\213\325\211\201\154\102}{subsection.8.6}% 65
\BOOKMARK [3][-]{subsubsection.8.6.4}{\376\377\145\207\150\143\211\201\154\102}{subsection.8.6}% 66
\BOOKMARK [2][-]{subsection.8.7}{\376\377\230\316\226\151\116\016\136\224\133\371}{section.8}% 67
\BOOKMARK [1][-]{section.9}{\376\377\145\057\143\001\147\141\116\366}{}% 68
\BOOKMARK [2][-]{subsection.9.1}{\376\377\137\000\123\321\163\257\130\203}{section.9}% 69
\BOOKMARK [2][-]{subsection.9.2}{\376\377\155\113\213\325\163\257\130\203}{section.9}% 70
\BOOKMARK [2][-]{subsection.9.3}{\376\377\217\320\210\114\163\257\130\203}{section.9}% 71
\BOOKMARK [2][-]{subsection.9.4}{\376\377\176\304\121\205\145\057\143\001\147\141\116\366}{section.9}% 72
\BOOKMARK [1][-]{section.10}{\376\377\176\323\213\272\116\016\136\372\213\256}{}% 73
\BOOKMARK [1][-]{appendix.A}{\376\377\176\310\162\110\147\120\145\231\175\042\137\025}{}% 74
\BOOKMARK [1][-]{appendix.B}{\376\377\123\357\137\025\165\050\213\301\143\156}{}% 75
