\BOOKMARK [1][-]{Doc-Start}{\376\377\145\207\150\143\123\330\146\364\123\206\123\362\213\260\137\125}{}% 1
\BOOKMARK [1][-]{section.1}{\376\377\137\025\212\000}{}% 2
\BOOKMARK [2][-]{subsection.1.1}{\376\377\177\026\121\231\166\356\166\204}{section.1}% 3
\BOOKMARK [2][-]{subsection.1.2}{\376\377\213\373\200\005\133\371\214\141}{section.1}% 4
\BOOKMARK [2][-]{subsection.1.3}{\376\377\217\157\116\366\230\171\166\356\151\202\217\360}{section.1}% 5
\BOOKMARK [2][-]{subsection.1.4}{\376\377\145\207\150\143\151\202\217\360}{section.1}% 6
\BOOKMARK [2][-]{subsection.1.5}{\376\377\133\232\116\111}{section.1}% 7
\BOOKMARK [2][-]{subsection.1.6}{\376\377\123\302\200\003\215\104\145\231}{section.1}% 8
\BOOKMARK [1][-]{section.2}{\376\377\217\157\116\366\213\276\213\241\176\246\147\137}{}% 9
\BOOKMARK [2][-]{subsection.2.1}{\376\377\217\157\116\366\213\276\213\241\166\356\150\007\124\214\123\237\122\031}{section.2}% 10
\BOOKMARK [2][-]{subsection.2.2}{\376\377\217\157\116\366\213\276\213\241\166\204\176\246\147\137\124\214\226\120\122\066}{section.2}% 11
\BOOKMARK [1][-]{section.3}{\376\377\217\157\116\366\213\276\213\241}{}% 12
\BOOKMARK [2][-]{subsection.3.1}{\376\377\217\157\116\366\117\123\174\373\176\323\147\204\213\276\213\241}{section.3}% 13
\BOOKMARK [3][-]{subsubsection.3.1.1}{\376\377\165\050\142\067\172\357\133\120\174\373\176\337}{subsection.3.1}% 14
\BOOKMARK [3][-]{subsubsection.3.1.2}{\376\377\147\015\122\241\126\150\133\120\174\373\176\337}{subsection.3.1}% 15
\BOOKMARK [3][-]{subsubsection.3.1.3}{\376\377\155\210\215\071\172\357\133\120\174\373\176\337}{subsection.3.1}% 16
\BOOKMARK [2][-]{subsection.3.2}{\376\377\165\050\142\067\165\114\227\142\213\276\213\241}{section.3}% 17
\BOOKMARK [2][-]{subsection.3.3}{\376\377\165\050\117\213\213\276\213\241}{section.3}% 18
\BOOKMARK [3][-]{subsubsection.3.3.1}{\376\377\173\241\164\006\175\040\147\120\173\261\165\050\117\213}{subsection.3.3}% 19
\BOOKMARK [3][-]{subsubsection.3.3.2}{\376\377\177\026\213\321\000\040\000W\000i\000k\000i\000\040\165\050\117\213}{subsection.3.3}% 20
\BOOKMARK [3][-]{subsubsection.3.3.3}{\376\377\150\300\147\345\117\030\123\026\126\376\214\061\165\050\117\213}{subsection.3.3}% 21
\BOOKMARK [3][-]{subsubsection.3.3.4}{\376\377\123\321\136\003\122\060\121\154\177\121\165\050\117\213}{subsection.3.3}% 22
\BOOKMARK [3][-]{subsubsection.3.3.5}{\376\377\155\117\211\310\116\016\225\356\173\124\165\050\117\213}{subsection.3.3}% 23
\BOOKMARK [2][-]{subsection.3.4}{\376\377\150\070\137\303\155\101\172\013\213\276\213\241}{section.3}% 24
\BOOKMARK [2][-]{subsection.3.5}{\376\377\174\173\213\276\213\241\124\214\147\204\116\366\213\276\213\241}{section.3}% 25
\BOOKMARK [3][-]{subsubsection.3.5.1}{\376\377\121\163\225\056\174\173\121\163\174\373}{subsection.3.5}% 26
\BOOKMARK [3][-]{subsubsection.3.5.2}{\376\377\121\163\225\056\145\271\154\325\213\276\213\241}{subsection.3.5}% 27
\BOOKMARK [2][-]{subsection.3.6}{\376\377\145\160\143\156\213\276\213\241}{section.3}% 28
\BOOKMARK [3][-]{subsubsection.3.6.1}{\376\377\147\054\127\060\145\160\143\156\176\323\147\204}{subsection.3.6}% 29
\BOOKMARK [3][-]{subsubsection.3.6.2}{\376\377\147\015\122\241\126\150\145\160\143\156\210\150}{subsection.3.6}% 30
\BOOKMARK [3][-]{subsubsection.3.6.3}{\376\377\145\160\143\156\133\211\121\150\213\276\213\241}{subsection.3.6}% 31
\BOOKMARK [2][-]{subsection.3.7}{\376\377\220\350\177\162\213\276\213\241}{section.3}% 32
\BOOKMARK [3][-]{subsubsection.3.7.1}{\376\377\165\050\142\067\172\357\220\350\177\162}{subsection.3.7}% 33
\BOOKMARK [3][-]{subsubsection.3.7.2}{\376\377\147\015\122\241\126\150\220\350\177\162}{subsection.3.7}% 34
\BOOKMARK [3][-]{subsubsection.3.7.3}{\376\377\155\210\215\071\172\357\220\350\177\162}{subsection.3.7}% 35
\BOOKMARK [2][-]{subsection.3.8}{\376\377\137\002\136\070\131\004\164\006\116\016\123\357\227\140\140\047\213\276\213\241}{section.3}% 36
\BOOKMARK [2][-]{subsection.3.9}{\376\377\155\113\213\325\213\276\213\241}{section.3}% 37
\BOOKMARK [1][-]{Item.13}{\376\377\176\323\213\272}{}% 38
