\BOOKMARK [1][-]{Doc-Start}{\376\377\145\207\150\143\123\330\146\364\123\206\123\362\213\260\137\125}{}% 1
\BOOKMARK [1][-]{section.1}{\376\377\137\025\212\000}{}% 2
\BOOKMARK [2][-]{subsection.1.1}{\376\377\177\026\121\231\166\356\166\204}{section.1}% 3
\BOOKMARK [2][-]{subsection.1.2}{\376\377\213\373\200\005\133\371\214\141}{section.1}% 4
\BOOKMARK [2][-]{subsection.1.3}{\376\377\217\157\116\366\230\171\166\356\151\202\217\360}{section.1}% 5
\BOOKMARK [2][-]{subsection.1.4}{\376\377\145\207\150\143\151\202\217\360}{section.1}% 6
\BOOKMARK [2][-]{subsection.1.5}{\376\377\133\232\116\111}{section.1}% 7
\BOOKMARK [2][-]{subsection.1.6}{\376\377\123\302\200\003\215\104\145\231}{section.1}% 8
\BOOKMARK [1][-]{section.2}{\376\377\217\157\116\366\213\276\213\241\176\246\147\137}{}% 9
\BOOKMARK [2][-]{subsection.2.1}{\376\377\217\157\116\366\213\276\213\241\166\356\150\007\124\214\123\237\122\031}{section.2}% 10
\BOOKMARK [2][-]{subsection.2.2}{\376\377\217\157\116\366\213\276\213\241\166\204\176\246\147\137\124\214\226\120\122\066}{section.2}% 11
\BOOKMARK [1][-]{section.3}{\376\377\217\157\116\366\213\276\213\241}{}% 12
\BOOKMARK [2][-]{subsection.3.1}{\376\377\217\157\116\366\117\123\174\373\176\323\147\204\213\276\213\241}{section.3}% 13
\BOOKMARK [2][-]{subsection.3.2}{\376\377\165\050\142\067\165\114\227\142\213\276\213\241}{section.3}% 14
\BOOKMARK [2][-]{subsection.3.3}{\376\377\165\050\117\213\213\276\213\241}{section.3}% 15
\BOOKMARK [2][-]{subsection.3.4}{\376\377\150\070\137\303\155\101\172\013\213\276\213\241}{section.3}% 16
\BOOKMARK [2][-]{subsection.3.5}{\376\377\174\173\213\276\213\241}{section.3}% 17
\BOOKMARK [2][-]{subsection.3.6}{\376\377\145\160\143\156\213\276\213\241}{section.3}% 18
\BOOKMARK [3][-]{subsubsection.3.6.1}{\376\377\147\054\127\060\145\160\143\156\176\323\147\204}{subsection.3.6}% 19
\BOOKMARK [3][-]{subsubsection.3.6.2}{\376\377\147\015\122\241\126\150\143\247\122\066\227\142\145\160\143\156\210\150}{subsection.3.6}% 20
\BOOKMARK [3][-]{subsubsection.3.6.3}{\376\377\154\070\116\105\145\160\143\156\166\204\144\315\117\134}{subsection.3.6}% 21
\BOOKMARK [3][-]{subsubsection.3.6.4}{\376\377\145\160\143\156\133\211\121\150\213\276\213\241}{subsection.3.6}% 22
\BOOKMARK [2][-]{subsection.3.7}{\376\377\220\350\177\162\213\276\213\241}{section.3}% 23
\BOOKMARK [2][-]{subsection.3.8}{\376\377\137\002\136\070\131\004\164\006\116\016\123\357\227\140\140\047\213\276\213\241}{section.3}% 24
\BOOKMARK [2][-]{subsection.3.9}{\376\377\155\113\213\325\213\276\213\241}{section.3}% 25
\BOOKMARK [1][-]{Item.22}{\376\377\176\323\213\272}{}% 26
