\BOOKMARK [1][-]{Doc-Start}{\376\377\145\207\150\143\123\330\146\364\123\206\123\362\213\260\137\125}{}% 1
\BOOKMARK [1][-]{section.1}{\376\377\137\025\212\000}{}% 2
\BOOKMARK [2][-]{subsection.1.1}{\376\377\177\026\121\231\166\356\166\204}{section.1}% 3
\BOOKMARK [2][-]{subsection.1.2}{\376\377\213\373\200\005\133\371\214\141}{section.1}% 4
\BOOKMARK [2][-]{subsection.1.3}{\376\377\217\157\116\366\230\171\166\356\151\202\217\360}{section.1}% 5
\BOOKMARK [2][-]{subsection.1.4}{\376\377\145\207\150\143\151\202\217\360}{section.1}% 6
\BOOKMARK [2][-]{subsection.1.5}{\376\377\133\232\116\111}{section.1}% 7
\BOOKMARK [2][-]{subsection.1.6}{\376\377\123\302\200\003\215\104\145\231}{section.1}% 8
\BOOKMARK [1][-]{section.2}{\376\377\217\157\116\366\166\204\116\000\202\054\140\047\143\317\217\360}{}% 9
\BOOKMARK [2][-]{subsection.2.1}{\376\377\217\157\116\366\116\247\124\301\116\016\121\166\163\257\130\203\116\113\225\364\166\204\121\163\174\373}{section.2}% 10
\BOOKMARK [2][-]{subsection.2.2}{\376\377\116\011\172\357\211\322\202\162\116\016\200\114\215\043}{section.2}% 11
\BOOKMARK [2][-]{subsection.2.3}{\376\377\120\107\213\276\116\016\122\115\143\320\147\141\116\366}{section.2}% 12
\BOOKMARK [2][-]{subsection.2.4}{\376\377\116\247\124\301\203\003\126\364\217\271\165\114}{section.2}% 13
\BOOKMARK [3][-]{subsubsection.2.4.1}{\376\377\203\003\126\364\121\205}{subsection.2.4}% 14
\BOOKMARK [3][-]{subsubsection.2.4.2}{\376\377\203\003\126\364\131\026}{subsection.2.4}% 15
\BOOKMARK [2][-]{subsection.2.5}{\376\377\147\266\147\204\227\000\154\102\157\024\217\333}{section.2}% 16
\BOOKMARK [1][-]{section.3}{\376\377\217\157\116\366\122\237\200\375\227\000\154\102\143\317\217\360}{}% 17
\BOOKMARK [2][-]{subsection.3.1}{\376\377\217\157\116\366\227\000\154\102\166\204\165\050\117\213\152\041\127\213}{section.3}% 18
\BOOKMARK [2][-]{subsection.3.2}{\376\377\121\163\225\056\116\032\122\241\155\101\172\013}{section.3}% 19
\BOOKMARK [2][-]{subsection.3.3}{\376\377\150\070\137\303\165\050\117\213\210\150}{section.3}% 20
\BOOKMARK [2][-]{subsection.3.4}{\376\377\122\237\200\375\227\000\154\102\151\202\211\310}{section.3}% 21
\BOOKMARK [2][-]{subsection.3.5}{\376\377\217\157\116\366\227\000\154\102\166\204\122\006\147\220\152\041\127\213\116\016\122\237\200\375\227\000\154\102\213\346\217\360}{section.3}% 22
\BOOKMARK [3][-]{subsubsection.3.5.1}{\376\377\000F\000R\000-\0000\0001\000\040\147\054\127\060\215\104\145\231\133\374\121\145\116\016\000\040\000W\000i\000k\000i\000\040\147\204\136\372}{subsection.3.5}% 23
\BOOKMARK [3][-]{subsubsection.3.5.2}{\376\377\000F\000R\000-\0000\0002\000\040\000L\000L\000M\000-\000W\000i\000k\000i\000\040\000A\000P\000I\000\040\120\145\136\267\150\300\147\345\060\001\230\171\166\356\060\001\145\207\116\366\060\001\144\034\175\042\200\375\122\233}{subsection.3.5}% 24
\BOOKMARK [3][-]{subsubsection.3.5.3}{\376\377\000F\000R\000-\0000\0003\000\040\000B\000\040\172\357\220\032\217\307\000\040\000B\000e\000a\000r\000F\000R\000P\000\040\123\321\136\003\000\040\000L\000L\000M\000-\000W\000i\000k\000i\000\040\000A\000P\000I}{subsection.3.5}% 25
\BOOKMARK [3][-]{subsubsection.3.5.4}{\376\377\000F\000R\000-\0000\0004\000\040\000S\000\040\172\357\116\343\164\006\060\001\226\247\220\123\060\001\172\357\123\343\000/\133\120\127\337\124\015\124\214\162\266\140\001\173\241\164\006}{subsection.3.5}% 26
\BOOKMARK [3][-]{subsubsection.3.5.5}{\376\377\000F\000R\000-\0000\0005\000\040\000C\000\040\172\357\155\373\122\240\217\334\172\013\167\345\213\306\136\223\000\040\000A\000P\000I}{subsection.3.5}% 27
\BOOKMARK [3][-]{subsubsection.3.5.6}{\376\377\000F\000R\000-\0000\0006\000\040\000C\000\040\172\357\147\054\127\060\124\057\122\250\000\040\000O\000p\000e\000n\000C\000o\000d\000e}{subsection.3.5}% 28
\BOOKMARK [3][-]{subsubsection.3.5.7}{\376\377\000F\000R\000-\0000\0007\000\040\154\350\121\214\136\166\214\003\165\050\000\040\000l\000l\000m\000-\000w\000i\000k\000i\000\040\000M\000C\000P\000\040\135\345\121\167}{subsection.3.5}% 29
\BOOKMARK [3][-]{subsubsection.3.5.8}{\376\377\000F\000R\000-\0000\0008\000\040\133\371\213\335\137\017\213\373\123\326\060\001\144\034\175\042\124\214\140\073\176\323\217\334\172\013\167\345\213\306\136\223}{subsection.3.5}% 30
\BOOKMARK [3][-]{subsubsection.3.5.9}{\376\377\000F\000R\000-\0000\0009\000\040\000K\000B\000\040\152\041\137\017\133\211\121\150\217\271\165\114}{subsection.3.5}% 31
\BOOKMARK [3][-]{subsubsection.3.5.10}{\376\377\000F\000R\000-\0001\0000\000\040\220\350\177\162\060\001\120\145\136\267\150\300\147\345\060\001\200\124\214\003\124\214\155\113\213\325\145\057\144\221}{subsection.3.5}% 32
\BOOKMARK [2][-]{subsection.3.6}{\376\377\227\000\154\102\217\375\216\052\167\351\226\065}{section.3}% 33
\BOOKMARK [1][-]{section.4}{\376\377\121\166\133\203\217\157\116\366\227\000\154\102\143\317\217\360}{}% 34
\BOOKMARK [2][-]{subsection.4.1}{\376\377\140\047\200\375\211\201\154\102}{section.4}% 35
\BOOKMARK [2][-]{subsection.4.2}{\376\377\133\211\121\150\116\016\226\220\171\301\211\201\154\102}{section.4}% 36
\BOOKMARK [2][-]{subsection.4.3}{\376\377\123\357\165\050\140\047\116\016\123\357\227\140\140\047\211\201\154\102}{section.4}% 37
\BOOKMARK [2][-]{subsection.4.4}{\376\377\121\174\133\271\140\047\116\016\217\320\210\114\163\257\130\203\211\201\154\102}{section.4}% 38
\BOOKMARK [2][-]{subsection.4.5}{\376\377\165\114\227\142\211\201\154\102}{section.4}% 39
\BOOKMARK [2][-]{subsection.4.6}{\376\377\217\333\136\246\211\201\154\102}{section.4}% 40
\BOOKMARK [2][-]{subsection.4.7}{\376\377\116\244\116\330\211\201\154\102}{section.4}% 41
\BOOKMARK [2][-]{subsection.4.8}{\376\377\232\214\145\066\211\201\154\102}{section.4}% 42
\BOOKMARK [1][-]{section.5}{\376\377\217\157\116\366\123\237\127\213\116\016\157\024\171\072\213\301\143\156}{}% 43
\BOOKMARK [2][-]{subsection.5.1}{\376\377\123\237\127\213\165\114\227\142\145\207\133\127\143\317\217\360}{section.5}% 44
\BOOKMARK [2][-]{subsection.5.2}{\376\377\135\362\133\214\142\020\142\052\126\376\213\301\143\156}{section.5}% 45
\BOOKMARK [2][-]{subsection.5.3}{\376\377\157\024\171\072\201\032\147\054}{section.5}% 46
