\BOOKMARK [1][-]{Doc-Start}{\376\377\145\207\150\143\123\330\146\364\123\206\123\362\213\260\137\125}{}% 1
\BOOKMARK [1][-]{section.1}{\376\377\137\025\212\000}{}% 2
\BOOKMARK [2][-]{subsection.1.1}{\376\377\177\026\121\231\166\356\166\204}{section.1}% 3
\BOOKMARK [2][-]{subsection.1.2}{\376\377\200\314\146\157}{section.1}% 4
\BOOKMARK [2][-]{subsection.1.3}{\376\377\133\232\116\111}{section.1}% 5
\BOOKMARK [2][-]{subsection.1.4}{\376\377\123\302\200\003\215\104\145\231}{section.1}% 6
\BOOKMARK [1][-]{section.2}{\376\377\155\113\213\325\151\202\211\201}{}% 7
\BOOKMARK [2][-]{subsection.2.1}{\376\377\155\113\213\325\163\257\130\203}{section.2}% 8
\BOOKMARK [2][-]{subsection.2.2}{\376\377\155\113\213\325\116\373\122\241\133\214\142\020\140\305\121\265\122\044\145\255}{section.2}% 9
\BOOKMARK [2][-]{subsection.2.3}{\376\377\142\147\210\114\124\175\116\344\144\130\211\201}{section.2}% 10
\BOOKMARK [2][-]{subsection.2.4}{\376\377\155\113\213\325\145\271\154\325\116\016\211\206\166\326\123\343\137\204}{section.2}% 11
\BOOKMARK [2][-]{subsection.2.5}{\376\377\166\175\166\322\143\247\122\066\155\101\126\376\116\016\127\010\131\015\147\102\136\246\144\130\211\201}{section.2}% 12
\BOOKMARK [2][-]{subsection.2.6}{\376\377\177\072\226\167\150\300\121\372\167\351\226\065}{section.2}% 13
\BOOKMARK [1][-]{section.3}{\376\377\155\113\213\325\176\323\147\234\123\312\123\321\163\260}{}% 14
\BOOKMARK [2][-]{subsection.3.1}{\376\377\000T\000-\0000\0001\000\040\220\350\177\162\116\016\124\057\122\250\155\113\213\325}{section.3}% 15
\BOOKMARK [2][-]{subsection.3.2}{\376\377\000T\000-\0000\0002\000\040\000L\000L\000M\000\040\000W\000i\000k\000i\000\040\000A\000P\000I\000\040\155\113\213\325}{section.3}% 16
\BOOKMARK [2][-]{subsection.3.3}{\376\377\000T\000-\0000\0003\000\040\000O\000p\000e\000n\000C\000o\000d\000e\000\040\000K\000B\000\040\147\103\226\120\155\113\213\325}{section.3}% 17
\BOOKMARK [2][-]{subsection.3.4}{\376\377\000T\000-\0000\0004\000\040\000B\000e\000a\000r\000F\000R\000P\000\040\165\050\142\067\116\016\116\343\164\006\155\113\213\325}{section.3}% 18
\BOOKMARK [2][-]{subsection.3.5}{\376\377\000T\000-\0000\0005\000\040\000f\000r\000p\000s\000\040\143\322\116\366\222\164\147\103\155\113\213\325}{section.3}% 19
\BOOKMARK [2][-]{subsection.3.6}{\376\377\000T\000-\0000\0006\000\040\201\352\122\250\123\321\136\003\000\040\000s\000i\000d\000e\000c\000a\000r\000\040\155\113\213\325}{section.3}% 20
\BOOKMARK [2][-]{subsection.3.7}{\376\377\000T\000-\0000\0007\000\040\172\357\122\060\172\357\213\277\225\356\155\113\213\325}{section.3}% 21
\BOOKMARK [2][-]{subsection.3.8}{\376\377\000T\000-\0000\0008\000\040\137\002\136\070\116\016\133\211\121\150\155\113\213\325}{section.3}% 22
\BOOKMARK [2][-]{subsection.3.9}{\376\377\000T\000-\0000\0009\000\040\150\114\227\142\172\357\167\345\213\306\136\223\225\355\163\257\155\113\213\325}{section.3}% 23
\BOOKMARK [1][-]{section.4}{\376\377\133\371\217\157\116\366\122\237\200\375\166\204\176\323\213\272}{}% 24
\BOOKMARK [2][-]{subsection.4.1}{\376\377\122\237\200\375\000\040\000F\000-\0000\0001\377\032\220\350\177\162\116\016\176\337\116\000\121\145\123\343}{section.4}% 25
\BOOKMARK [2][-]{subsection.4.2}{\376\377\122\237\200\375\000\040\000F\000-\0000\0002\377\032\000L\000L\000M\000-\000W\000i\000k\000i\000\040\167\345\213\306\136\223\147\015\122\241}{section.4}% 26
\BOOKMARK [2][-]{subsection.4.3}{\376\377\122\237\200\375\000\040\000F\000-\0000\0003\377\032\000O\000p\000e\000n\000C\000o\000d\000e\000\040\000K\000B\000\040\147\103\226\120\226\224\171\273}{section.4}% 27
\BOOKMARK [2][-]{subsection.4.4}{\376\377\122\237\200\375\000\040\000F\000-\0000\0004\377\032\000B\000e\000a\000r\000F\000R\000P\000\040\123\321\136\003\143\247\122\066\227\142}{section.4}% 28
\BOOKMARK [2][-]{subsection.4.5}{\376\377\122\237\200\375\000\040\000F\000-\0000\0005\377\032\201\352\122\250\123\321\136\003\000\040\000s\000i\000d\000e\000c\000a\000r}{section.4}% 29
\BOOKMARK [2][-]{subsection.4.6}{\376\377\122\237\200\375\000\040\000F\000-\0000\0006\377\032\150\114\227\142\172\357\167\345\213\306\136\223\225\355\163\257}{section.4}% 30
\BOOKMARK [1][-]{section.5}{\376\377\122\006\147\220\144\130\211\201}{}% 31
\BOOKMARK [2][-]{subsection.5.1}{\376\377\200\375\122\233\144\130\211\201}{section.5}% 32
\BOOKMARK [2][-]{subsection.5.2}{\376\377\177\072\226\167\124\214\226\120\122\066}{section.5}% 33
\BOOKMARK [2][-]{subsection.5.3}{\376\377\136\372\213\256}{section.5}% 34
\BOOKMARK [2][-]{subsection.5.4}{\376\377\213\304\116\367}{section.5}% 35
\BOOKMARK [1][-]{section.6}{\376\377\155\113\213\325\215\104\156\220\155\210\200\027}{}% 36
\BOOKMARK [1][-]{appendix.A}{\376\377\142\052\126\376\213\301\143\156\156\005\123\125}{}% 37
\BOOKMARK [1][-]{appendix.B}{\376\377\221\315\160\271\126\336\137\122\165\050\117\213\156\005\123\125}{}% 38
